<?xml version="1.0" encoding="UTF-8"?>
<robot generator="Robot 3.1.2 (Python 3.7.5 on linux)" generated="20200428 19:40:30.882" rpa="false">
<suite id="s1" name="EndToEnd" source="/home/deadpool/PycharmProjects/1Tab_Automation/1Tab_WebApp/Testcases/EndToEnd.robot">
<kw name="Website is up and running" library="Common" type="setup">
<kw name="Open Browser" library="SeleniumLibrary">
<doc>Opens a new browser instance to the optional ``url``.</doc>
<arguments>
<arg>${URL}</arg>
<arg>${Browser}</arg>
</arguments>
<msg timestamp="20200428 19:40:31.407" level="INFO">Opening browser 'Chrome' to base url 'https://prod.1tab.com/'.</msg>
<status status="PASS" starttime="20200428 19:40:31.406" endtime="20200428 19:40:39.196"></status>
</kw>
<kw name="Maximize Browser Window" library="SeleniumLibrary">
<doc>Maximizes current browser window.</doc>
<status status="PASS" starttime="20200428 19:40:39.197" endtime="20200428 19:40:39.303"></status>
</kw>
<kw name="Sleep" library="BuiltIn">
<doc>Pauses the test executed for the given time.</doc>
<arguments>
<arg>3s</arg>
</arguments>
<msg timestamp="20200428 19:40:42.304" level="INFO">Slept 3 seconds</msg>
<status status="PASS" starttime="20200428 19:40:39.304" endtime="20200428 19:40:42.305"></status>
</kw>
<kw name="Wait Until Page Contains Element" library="SeleniumLibrary">
<doc>Waits until the element ``locator`` appears on the current page.</doc>
<arguments>
<arg>${company_Info}</arg>
</arguments>
<status status="PASS" starttime="20200428 19:40:42.305" endtime="20200428 19:40:42.384"></status>
</kw>
<status status="PASS" starttime="20200428 19:40:31.406" endtime="20200428 19:40:42.384"></status>
</kw>
<test id="s1-t1" name="Test searchBar">
<kw name="User searches an item" library="HomePage">
<kw name="Set Selenium Speed" library="SeleniumLibrary">
<doc>Sets the delay that is waited after each Selenium command.</doc>
<arguments>
<arg>0.5 seconds</arg>
</arguments>
<status status="PASS" starttime="20200428 19:40:42.385" endtime="20200428 19:40:42.386"></status>
</kw>
<kw name="Input Text" library="SeleniumLibrary">
<doc>Types the given ``text`` into the text field identified by ``locator``.</doc>
<arguments>
<arg>${searchBar}</arg>
<arg>Anuvrat</arg>
</arguments>
<msg timestamp="20200428 19:40:42.386" level="INFO">Typing text 'Anuvrat' into text field 'xpath=//input[@formcontrolname="search"]'.</msg>
<status status="PASS" starttime="20200428 19:40:42.386" endtime="20200428 19:40:44.312"></status>
</kw>
<kw name="Wait Until Element Is Visible" library="SeleniumLibrary">
<doc>Waits until the element ``locator`` is visible.</doc>
<arguments>
<arg>${search_Dropdown}</arg>
</arguments>
<status status="PASS" starttime="20200428 19:40:44.313" endtime="20200428 19:40:45.371"></status>
</kw>
<kw name="Run Keyword And Return Status" library="BuiltIn">
<doc>Runs the given keyword with given arguments and returns the status as a Boolean value.</doc>
<arguments>
<arg>Element Should Be Visible</arg>
<arg>${searchResult_MatchingString}</arg>
</arguments>
<assign>
<var>${flag}</var>
</assign>
<kw name="Element Should Be Visible" library="SeleniumLibrary">
<doc>Verifies that the element identified by ``locator`` is visible.</doc>
<arguments>
<arg>${searchResult_MatchingString}</arg>
</arguments>
<kw name="Capture Page Screenshot" library="SeleniumLibrary">
<doc>Takes a screenshot of the current page and embeds it into a log file.</doc>
<msg timestamp="20200428 19:40:46.697" level="INFO" html="yes">&lt;/td&gt;&lt;/tr&gt;&lt;tr&gt;&lt;td colspan="3"&gt;&lt;a href="selenium-screenshot-96.png"&gt;&lt;img src="selenium-screenshot-96.png" width="800px"&gt;&lt;/a&gt;</msg>
<status status="PASS" starttime="20200428 19:40:45.917" endtime="20200428 19:40:46.698"></status>
</kw>
<msg timestamp="20200428 19:40:46.701" level="FAIL">Element with locator 'xpath=//div[@class="d-flex w-100"]/div[contains(text(),'Boro Plus')]' not found.</msg>
<status status="FAIL" starttime="20200428 19:40:45.373" endtime="20200428 19:40:46.701"></status>
</kw>
<msg timestamp="20200428 19:40:46.702" level="INFO">${flag} = False</msg>
<status status="PASS" starttime="20200428 19:40:45.372" endtime="20200428 19:40:46.702"></status>
</kw>
<kw name="Run Keyword If" library="BuiltIn">
<doc>Runs the given keyword with the given arguments, if ``condition`` is true.</doc>
<arguments>
<arg>'${flag}'=='True'</arg>
<arg>Click Element</arg>
<arg>${searchResult_MatchingString}</arg>
<arg>ELSE</arg>
<arg>Element Should Be Visible</arg>
<arg>${search_NoResults}</arg>
</arguments>
<kw name="Element Should Be Visible" library="SeleniumLibrary">
<doc>Verifies that the element identified by ``locator`` is visible.</doc>
<arguments>
<arg>${search_NoResults}</arg>
</arguments>
<msg timestamp="20200428 19:40:47.802" level="INFO">Element 'xpath=//p[text()="No Results Found"]' is displayed.</msg>
<status status="PASS" starttime="20200428 19:40:46.704" endtime="20200428 19:40:47.803"></status>
</kw>
<status status="PASS" starttime="20200428 19:40:46.702" endtime="20200428 19:40:47.803"></status>
</kw>
<status status="PASS" starttime="20200428 19:40:42.385" endtime="20200428 19:40:47.803"></status>
</kw>
<status status="PASS" starttime="20200428 19:40:42.384" endtime="20200428 19:40:47.803" critical="yes"></status>
</test>
<status status="PASS" starttime="20200428 19:40:30.882" endtime="20200428 19:40:47.804"></status>
</suite>
<statistics>
<total>
<stat pass="1" fail="0">Critical Tests</stat>
<stat pass="1" fail="0">All Tests</stat>
</total>
<tag>
</tag>
<suite>
<stat pass="1" fail="0" id="s1" name="EndToEnd">EndToEnd</stat>
</suite>
</statistics>
<errors>
<msg timestamp="20200428 19:40:31.396" level="WARN">Error in file '/home/deadpool/PycharmProjects/1Tab_Automation/1Tab_WebApp/PageObjects/HomePage.robot': Invalid syntax in keyword 'User adds product to cart from homepage': Using 'In Range' as a FOR loop separator is deprecated. Use 'IN RANGE' instead.</msg>
</errors>
</robot>
